============================= test session starts =============================
platform win32 -- Python 3.13.1, pytest-9.1.1, pluggy-1.6.0 -- C:\\Users\\Gz_6\\\u0633\u0637\u062d \u0627\u0644\u0645\u0643\u062a\u0628\\New folder (2)\\.venv\\Scripts\\python.exe
cachedir: .pytest_cache
rootdir: C:\\Users\\Gz_6\\\u0633\u0637\u062d \u0627\u0644\u0645\u0643\u062a\u0628\\New folder (2)
configfile: pytest.ini
testpaths: tests
plugins: anyio-4.14.2
collecting ... collected 181 items / 4 deselected / 177 selected

tests/test_api.py::TestRoot::test_reports_service_status PASSED          [  0%]
tests/test_api.py::TestUploadEvidence::test_accepts_a_multi_file_package PASSED [  1%]
tests/test_api.py::TestUploadEvidence::test_reports_the_detected_language PASSED [  1%]
tests/test_api.py::TestUploadEvidence::test_per_file_metadata_is_applied PASSED [  2%]
tests/test_api.py::TestUploadEvidence::test_rejects_an_unsupported_file_type PASSED [  2%]
tests/test_api.py::TestUploadEvidence::test_rejects_an_empty_file PASSED [  3%]
tests/test_api.py::TestUploadEvidence::test_rejects_malformed_metadata PASSED [  3%]
tests/test_api.py::TestUploadPolicyBackwardCompatibility::test_accepts_a_single_document PASSED [  4%]
tests/test_api.py::TestUploadPolicyBackwardCompatibility::test_still_rejects_non_policy_types PASSED [  5%]
tests/test_api.py::TestRunComplianceCheck::test_requires_evidence_first PASSED [  5%]
tests/test_api.py::TestRunComplianceCheck::test_rejects_an_unknown_standard PASSED [  6%]
tests/test_api.py::TestRunComplianceCheck::test_returns_a_report_after_upload PASSED [  6%]
tests/test_api.py::TestRunComplianceCheck::test_report_is_retrievable_by_id PASSED [  7%]
tests/test_api.py::TestGetReport::test_unknown_id_is_404 PASSED          [  7%]
tests/test_api.py::TestProgress::test_exposes_the_current_stage PASSED   [  8%]
tests/test_api.py::TestChat::test_works_without_a_report PASSED          [  9%]
tests/test_api.py::TestChat::test_unknown_report_id_is_404 PASSED        [  9%]
tests/test_api.py::TestChat::test_question_is_required PASSED            [ 10%]
tests/test_api.py::TestChat::test_history_is_accepted_and_forwarded PASSED [ 10%]
tests/test_api.py::TestChat::test_invalid_history_role_is_rejected PASSED [ 11%]
tests/test_arabic_text.py::TestRepairLamAlef::test_repairs_flipped_ligatures[\u062d\u0648\u0643\u0645\u0629 \u0627\u0623\u0644\u0645\u0646-\u062d\u0648\u0643\u0645\u0629 \u0627\u0644\u0623\u0645\u0646-definite article + hamza-alef word] PASSED [ 11%]
tests/test_arabic_text.py::TestRepairLamAlef::test_repairs_flipped_ligatures[\u064a\u062c\u0628 \u0627\u0627\u0644\u0633\u062a\u0646\u0627\u062f-\u064a\u062c\u0628 \u0627\u0644\u0627\u0633\u062a\u0646\u0627\u062f-definite article + plain-alef word] PASSED [ 12%]
tests/test_arabic_text.py::TestRepairLamAlef::test_repairs_flipped_ligatures[\u0645\u062c\u0644\u0633 \u0627\u0625\u0644\u062f\u0627\u0631\u0629-\u0645\u062c\u0644\u0633 \u0627\u0644\u0625\u062f\u0627\u0631\u0629-definite article + hamza-below word] PASSED [ 12%]
tests/test_arabic_text.py::TestRepairLamAlef::test_repairs_flipped_ligatures[\u0627\u0644 \u064a\u062c\u0648\u0632 \u0630\u0644\u0643-\u0644\u0627 \u064a\u062c\u0648\u0632 \u0630\u0644\u0643-standalone \u0627\u0644 is the negation particle] PASSED [ 13%]
tests/test_arabic_text.py::TestRepairLamAlef::test_leaves_correct_text_untouched[\u0625\u0644\u0649 \u0627\u0644\u0645\u0624\u0633\u0633\u0629 \u0627\u0644\u0645\u0627\u0644\u064a\u0629-\u0625\u0644\u0649 is a real word, not a flipped ligature] PASSED [ 14%]
tests/test_arabic_text.py::TestRepairLamAlef::test_leaves_correct_text_untouched[\u0627\u0644\u062e\u062f\u0645\u0627\u062a \u0627\u0644\u0625\u0644\u0643\u062a\u0631\u0648\u0646\u064a\u0629-\u0625\u0644\u0643\u062a\u0631\u0648\u0646\u064a legitimately starts with \u0625\u0644] PASSED [ 14%]
tests/test_arabic_text.py::TestRepairLamAlef::test_leaves_correct_text_untouched[\u0627\u0644\u0646\u0638\u0627\u0645 \u0627\u0644\u0622\u0644\u064a-\u0622\u0644\u064a legitimately starts with \u0622\u0644] PASSED [ 15%]
tests/test_arabic_text.py::TestRepairLamAlef::test_leaves_correct_text_untouched[\u0627\u0644\u062d\u0627\u0644\u0627\u062a \u063a\u064a\u0631 \u0627\u0644\u0645\u0623\u0644\u0648\u0641\u0629-\u0645\u0623\u0644\u0648\u0641 legitimately contains \u0623\u0644] PASSED [ 15%]
tests/test_arabic_text.py::TestRepairLamAlef::test_leaves_correct_text_untouched[\u0627\u0644\u0623\u0645\u0646 \u0627\u0644\u0633\u064a\u0628\u0631\u0627\u0646\u064a-already-correct text must not change] PASSED [ 16%]
tests/test_arabic_text.py::TestRepairLamAlef::test_leaves_correct_text_untouched[Latin text only-non-Arabic passes through] PASSED [ 16%]
tests/test_arabic_text.py::TestRepairLamAlef::test_leaves_correct_text_untouched[-empty input is safe] PASSED [ 17%]
tests/test_arabic_text.py::TestRepairLamAlef::test_is_idempotent PASSED  [ 18%]
tests/test_arabic_text.py::TestDetectLanguage::test_detects[The organization shall establish a policy-en] PASSED [ 18%]
tests/test_arabic_text.py::TestDetectLanguage::test_detects[\u064a\u062c\u0628 \u0639\u0644\u0649 \u0627\u0644\u0645\u0624\u0633\u0633\u0629 \u0627\u0644\u0645\u0627\u0644\u064a\u0629 \u062a\u062d\u062f\u064a\u062f \u0633\u064a\u0627\u0633\u0629-ar] PASSED [ 19%]
tests/test_arabic_text.py::TestDetectLanguage::test_detects[\u064a\u062c\u0628 \u062a\u0641\u0639\u064a\u0644 MFA \u0639\u0644\u0649 \u062c\u0645\u064a\u0639 \u0627\u062a\u0635\u0627\u0644\u0627\u062a VPN-ar] PASSED [ 19%]
tests/test_arabic_text.py::TestDetectLanguage::test_detects[Enable MFA for all VPN connections-en] PASSED [ 20%]
tests/test_arabic_text.py::TestDetectLanguage::test_detects[-en] PASSED  [ 20%]
tests/test_arabic_text.py::TestDetectLanguage::test_detects[12345 -- 67890-en] PASSED [ 21%]
tests/test_arabic_text.py::TestArabicCorpusIsClean::test_no_flipped_ligatures_remain PASSED [ 22%]
tests/test_arabic_text.py::TestArabicCorpusIsClean::test_known_corruptions_are_absent[\u062e\u0627\u0644\u0644-\u062e\u0644\u0627\u0644] PASSED [ 22%]
tests/test_arabic_text.py::TestArabicCorpusIsClean::test_known_corruptions_are_absent[\u0625\u0628\u0627\u0644\u063a-\u0625\u0628\u0644\u0627\u063a] PASSED [ 23%]
tests/test_arabic_text.py::TestArabicCorpusIsClean::test_known_corruptions_are_absent[\u0639\u0645\u0627\u0644\u0621-\u0639\u0645\u0644\u0627\u0621] PASSED [ 23%]
tests/test_arabic_text.py::TestArabicCorpusIsClean::test_known_corruptions_are_absent[\u0644\u0623\u0644\u0645\u0646-\u0644\u0644\u0623\u0645\u0646] PASSED [ 24%]
tests/test_arabic_text.py::TestArabicCorpusIsClean::test_known_corruptions_are_absent[\u0645\u0627\u0644\u062d\u0638\u0629-\u0645\u0644\u0627\u062d\u0638\u0629] PASSED [ 24%]
tests/test_arabic_text.py::TestArabicCorpusIsClean::test_legitimate_words_survived_the_repair[\u0627\u0644\u0625\u0644\u0643\u062a\u0631\u0648\u0646\u064a\u0629] PASSED [ 25%]
tests/test_arabic_text.py::TestArabicCorpusIsClean::test_legitimate_words_survived_the_repair[\u0627\u0644\u0622\u0644\u064a] PASSED [ 25%]
tests/test_arabic_text.py::TestArabicCorpusIsClean::test_legitimate_words_survived_the_repair[\u0625\u0644\u0649] PASSED [ 26%]
tests/test_arabic_text.py::TestArabicCorpusIsClean::test_legitimate_words_survived_the_repair[\u0627\u0644\u0645\u0623\u0644\u0648\u0641\u0629] PASSED [ 27%]
tests/test_arabic_text.py::TestArabicCorpusIsClean::test_legitimate_words_survived_the_repair[\u0627\u0644\u062b\u0627\u0644\u062b\u0629] PASSED [ 27%]
tests/test_chat_handler.py::TestFormatHistory::test_empty_history_is_empty_string PASSED [ 28%]
tests/test_chat_handler.py::TestFormatHistory::test_labels_each_turn PASSED [ 28%]
tests/test_chat_handler.py::TestFormatHistory::test_only_recent_turns_are_kept PASSED [ 29%]
tests/test_chat_handler.py::TestFormatHistory::test_blank_messages_are_skipped PASSED [ 29%]
tests/test_chat_handler.py::TestRewriteQuery::test_without_history_the_question_is_used_as_is PASSED [ 30%]
tests/test_chat_handler.py::TestRewriteQuery::test_follow_up_is_expanded_using_the_conversation PASSED [ 31%]
tests/test_chat_handler.py::TestRewriteQuery::test_rewriting_failure_falls_back_to_the_original PASSED [ 31%]
tests/test_chat_handler.py::TestRewriteQuery::test_empty_rewrite_falls_back_to_the_original PASSED [ 32%]
tests/test_chat_handler.py::TestAnswerFromTheFramework::test_answers_and_cites_retrieved_controls PASSED [ 32%]
tests/test_chat_handler.py::TestAnswerFromTheFramework::test_invented_citations_are_dropped PASSED [ 33%]
tests/test_chat_handler.py::TestAnswerFromTheFramework::test_context_contains_control_text PASSED [ 33%]
tests/test_chat_handler.py::TestAnswerFromTheFramework::test_malformed_json_yields_a_graceful_message PASSED [ 34%]
tests/test_chat_handler.py::TestAnswerFromTheFramework::test_llm_outage_is_surfaced_not_swallowed PASSED [ 35%]
tests/test_chat_handler.py::TestLanguageRouting::test_arabic_question_gets_the_arabic_instruction PASSED [ 35%]
tests/test_chat_handler.py::TestLanguageRouting::test_english_question_gets_no_arabic_instruction PASSED [ 36%]
tests/test_chat_handler.py::TestLanguageRouting::test_report_language_wins_over_the_question PASSED [ 36%]
tests/test_chat_handler.py::TestAnswerAboutAReport::test_whole_report_becomes_context PASSED [ 37%]
tests/test_chat_handler.py::TestAnswerAboutAReport::test_control_id_narrows_the_context PASSED [ 37%]
tests/test_chat_handler.py::TestAnswerAboutAReport::test_unknown_control_id_admits_ignorance PASSED [ 38%]
tests/test_chat_handler.py::TestAnswerAboutAReport::test_history_is_included_in_the_prompt PASSED [ 38%]
tests/test_compliance_engine.py::TestLoadControls::test_loads_36_english_controls PASSED [ 39%]
tests/test_compliance_engine.py::TestLoadControls::test_loads_36_arabic_controls PASSED [ 40%]
tests/test_compliance_engine.py::TestLoadControls::test_control_ids_align_across_languages PASSED [ 40%]
tests/test_compliance_engine.py::TestLoadControls::test_every_control_has_the_fields_retrieval_needs PASSED [ 41%]
tests/test_compliance_engine.py::TestLoadControls::test_results_are_cached PASSED [ 41%]
tests/test_compliance_engine.py::TestParseVerdict::test_accepts_a_valid_verdict PASSED [ 42%]
tests/test_compliance_engine.py::TestParseVerdict::test_rejects_an_invalid_status[MAYBE] PASSED [ 42%]
tests/test_compliance_engine.py::TestParseVerdict::test_rejects_an_invalid_status[] PASSED [ 43%]
tests/test_compliance_engine.py::TestParseVerdict::test_rejects_an_invalid_status[compliant] PASSED [ 44%]
tests/test_compliance_engine.py::TestParseVerdict::test_rejects_an_invalid_status[None] PASSED [ 44%]
tests/test_compliance_engine.py::TestParseVerdict::test_confidence_is_clamped_to_0_100[150-100] PASSED [ 45%]
tests/test_compliance_engine.py::TestParseVerdict::test_confidence_is_clamped_to_0_100[-20-0] PASSED [ 45%]
tests/test_compliance_engine.py::TestParseVerdict::test_confidence_is_clamped_to_0_100[not a number-0] PASSED [ 46%]
tests/test_compliance_engine.py::TestParseVerdict::test_confidence_is_clamped_to_0_100[None-0] PASSED [ 46%]
tests/test_compliance_engine.py::TestParseVerdict::test_confidence_is_clamped_to_0_100[75-75] PASSED [ 47%]
tests/test_compliance_engine.py::TestParseVerdict::test_missing_prose_fields_become_empty_strings PASSED [ 48%]
tests/test_compliance_engine.py::TestThresholds::test_source_fairness_bar_is_higher_than_no_match PASSED [ 48%]
tests/test_compliance_engine.py::TestRunEvidenceComplianceCheck::test_returns_one_result_per_control PASSED [ 49%]
tests/test_compliance_engine.py::TestRunEvidenceComplianceCheck::test_results_carry_the_agreed_schema PASSED [ 49%]
tests/test_compliance_engine.py::TestRunEvidenceComplianceCheck::test_status_label_matches_status_code PASSED [ 50%]
tests/test_compliance_engine.py::TestRunEvidenceComplianceCheck::test_controls_are_judged_in_batches PASSED [ 50%]
tests/test_compliance_engine.py::TestRunEvidenceComplianceCheck::test_language_reaches_the_judge PASSED [ 51%]
tests/test_compliance_engine.py::TestRunEvidenceComplianceCheck::test_evidence_source_is_recorded PASSED [ 51%]
tests/test_compliance_engine.py::TestRunEvidenceComplianceCheck::test_missing_api_key_is_reported_before_any_work PASSED [ 52%]
tests/test_compliance_engine.py::TestNoRelevantEvidence::test_llm_is_never_called PASSED [ 53%]
tests/test_compliance_engine.py::TestNoRelevantEvidence::test_every_control_fails_with_an_honest_message PASSED [ 53%]
tests/test_compliance_engine.py::TestNoRelevantEvidence::test_arabic_no_match_message_is_arabic PASSED [ 54%]
tests/test_evidence_pipeline.py::TestClassifyEvidence::test_classifies_by_extension_then_filename[mfa.png-screenshot] PASSED [ 54%]
tests/test_evidence_pipeline.py::TestClassifyEvidence::test_classifies_by_extension_then_filename[shot.JPEG-screenshot] PASSED [ 55%]
tests/test_evidence_pipeline.py::TestClassifyEvidence::test_classifies_by_extension_then_filename[matrix.xlsx-compliance_matrix] PASSED [ 55%]
tests/test_evidence_pipeline.py::TestClassifyEvidence::test_classifies_by_extension_then_filename[firewall.yaml-configuration] PASSED [ 56%]
tests/test_evidence_pipeline.py::TestClassifyEvidence::test_classifies_by_extension_then_filename[access_policy.pdf-policy] PASSED [ 57%]
tests/test_evidence_pipeline.py::TestClassifyEvidence::test_classifies_by_extension_then_filename[onboarding_procedure.docx-procedure] PASSED [ 57%]
tests/test_evidence_pipeline.py::TestClassifyEvidence::test_classifies_by_extension_then_filename[internal_audit_2025.pdf-audit_report] PASSED [ 58%]
tests/test_evidence_pipeline.py::TestClassifyEvidence::test_classifies_by_extension_then_filename[unknown.pdf-policy] PASSED [ 58%]
tests/test_evidence_pipeline.py::TestClassifyEvidence::test_user_declared_type_wins PASSED [ 59%]
tests/test_evidence_pipeline.py::TestClassifyEvidence::test_unknown_declared_type_is_ignored PASSED [ 59%]
tests/test_evidence_pipeline.py::TestSpreadsheetChunking::test_splits_per_row PASSED [ 60%]
tests/test_evidence_pipeline.py::TestSpreadsheetChunking::test_each_chunk_carries_the_sheet_name PASSED [ 61%]
tests/test_evidence_pipeline.py::TestSpreadsheetChunking::test_topics_stay_isolated PASSED [ 61%]
tests/test_evidence_pipeline.py::TestSpreadsheetChunking::test_blank_lines_are_dropped PASSED [ 62%]
tests/test_evidence_pipeline.py::TestTextExtraction::test_rejects_unsupported_type PASSED [ 62%]
tests/test_evidence_pipeline.py::TestTextExtraction::test_rejects_legacy_doc_with_actionable_message PASSED [ 63%]
tests/test_evidence_pipeline.py::TestTextExtraction::test_reads_plain_text_files PASSED [ 63%]
tests/test_evidence_pipeline.py::TestTextExtraction::test_decodes_utf8_arabic PASSED [ 64%]
tests/test_evidence_pipeline.py::TestBuildEvidenceChunks::test_returns_chunks_manifest_and_language PASSED [ 64%]
tests/test_evidence_pipeline.py::TestBuildEvidenceChunks::test_tags_every_chunk_with_provenance PASSED [ 65%]
tests/test_evidence_pipeline.py::TestBuildEvidenceChunks::test_detects_arabic_package_language PASSED [ 66%]
tests/test_evidence_pipeline.py::TestBuildEvidenceChunks::test_language_is_decided_across_the_whole_package PASSED [ 66%]
tests/test_evidence_pipeline.py::TestBuildEvidenceChunks::test_manifest_counts_chunks_per_file PASSED [ 67%]
tests/test_evidence_pipeline.py::TestBuildEvidenceChunks::test_empty_file_is_rejected_by_name PASSED [ 67%]
tests/test_evidence_pipeline.py::TestChunkText::test_returns_empty_for_blank_input PASSED [ 68%]
tests/test_evidence_pipeline.py::TestChunkText::test_keeps_all_content PASSED [ 68%]
tests/test_evidence_pipeline.py::TestChunkText::test_splits_long_text_into_several_chunks PASSED [ 69%]
tests/test_llm_client.py::TestRetryDelayParsing::test_honours_the_server_supplied_wait[Rate limit reached. Please try again in 1.5s-1.5] PASSED [ 70%]
tests/test_llm_client.py::TestRetryDelayParsing::test_honours_the_server_supplied_wait[Please try again in 200ms-0.2] PASSED [ 70%]
tests/test_llm_client.py::TestRetryDelayParsing::test_honours_the_server_supplied_wait[try again in 12s. Upgrade for more-12.0] PASSED [ 71%]
tests/test_llm_client.py::TestRetryDelayParsing::test_honours_the_server_supplied_wait[some unrelated error-None] PASSED [ 71%]
tests/test_llm_client.py::TestFatalAccountErrors::test_classifies[Error code: 429 - {'code': 'insufficient_quota'}-True] PASSED [ 72%]
tests/test_llm_client.py::TestFatalAccountErrors::test_classifies[Error code: 401 - {'code': 'invalid_api_key'}-True] PASSED [ 72%]
tests/test_llm_client.py::TestFatalAccountErrors::test_classifies[Error code: 429 - rate_limit_exceeded-False] PASSED [ 73%]
tests/test_llm_client.py::TestFatalAccountErrors::test_classifies[Error code: 500 - server_error-False] PASSED [ 74%]
tests/test_llm_client.py::TestModelChain::test_defaults_to_the_built_in_chain PASSED [ 74%]
tests/test_llm_client.py::TestModelChain::test_preferred_model_is_tried_first PASSED [ 75%]
tests/test_llm_client.py::TestModelChain::test_preferred_model_is_not_duplicated PASSED [ 75%]
tests/test_llm_client.py::TestModelChain::test_every_default_model_supports_vision PASSED [ 76%]
tests/test_llm_client.py::TestGenerateJson::test_returns_content_from_the_first_model PASSED [ 76%]
tests/test_llm_client.py::TestGenerateJson::test_can_report_which_model_answered PASSED [ 77%]
tests/test_llm_client.py::TestGenerateJson::test_moves_to_the_next_model_when_one_is_retired PASSED [ 77%]
tests/test_llm_client.py::TestGenerateJson::test_fails_fast_on_exhausted_quota PASSED [ 78%]
tests/test_llm_client.py::TestGenerateJson::test_quota_error_points_at_billing PASSED [ 79%]
tests/test_llm_client.py::TestGenerateJson::test_raises_when_the_whole_chain_fails PASSED [ 79%]
tests/test_llm_client.py::TestGenerateJson::test_missing_key_is_reported_clearly PASSED [ 80%]
tests/test_report_and_ui.py::TestPdfGeneration::test_produces_a_valid_english_pdf PASSED [ 80%]
tests/test_report_and_ui.py::TestPdfGeneration::test_produces_a_valid_arabic_pdf PASSED [ 81%]
tests/test_report_and_ui.py::TestPdfGeneration::test_unknown_language_falls_back_to_english PASSED [ 81%]
tests/test_report_and_ui.py::TestPdfGeneration::test_report_without_the_optional_fields_still_renders PASSED [ 82%]
tests/test_report_and_ui.py::TestPdfGeneration::test_empty_result_set_does_not_crash PASSED [ 83%]
tests/test_report_and_ui.py::TestArabicPdfShaping::test_shaping_reorders_arabic PASSED [ 83%]
tests/test_report_and_ui.py::TestArabicPdfShaping::test_markup_and_entities_survive_shaping PASSED [ 84%]
tests/test_report_and_ui.py::TestArabicPdfShaping::test_wrapped_text_keeps_line_order PASSED [ 84%]
tests/test_report_and_ui.py::TestArabicPdfShaping::test_latin_text_passes_through_unchanged PASSED [ 85%]
tests/test_report_and_ui.py::TestProgressState::test_starts_in_a_known_state PASSED [ 85%]
tests/test_report_and_ui.py::TestProgressState::test_advance_increments_the_counter PASSED [ 86%]
tests/test_report_and_ui.py::TestProgressState::test_update_changes_only_what_is_given PASSED [ 87%]
tests/test_report_and_ui.py::TestProgressState::test_finish_marks_done PASSED [ 87%]
tests/test_report_and_ui.py::TestProgressState::test_elapsed_is_reported PASSED [ 88%]
tests/test_report_and_ui.py::TestUiTextCompleteness::test_both_languages_are_offered PASSED [ 88%]
tests/test_report_and_ui.py::TestUiTextCompleteness::test_no_key_is_missing_from_either_language PASSED [ 89%]
tests/test_report_and_ui.py::TestUiTextCompleteness::test_no_string_is_left_untranslated PASSED [ 89%]
tests/test_report_and_ui.py::TestUiTextCompleteness::test_placeholders_match_between_languages PASSED [ 90%]
tests/test_report_and_ui.py::TestUiTextCompleteness::test_stage_labels_cover_both_languages PASSED [ 90%]
tests/test_report_and_ui.py::TestUiTextCompleteness::test_status_labels_cover_every_status_code PASSED [ 91%]
tests/test_report_and_ui.py::TestUiTextCompleteness::test_evidence_type_labels_cover_every_type PASSED [ 92%]
tests/test_report_and_ui.py::TestUiTextCompleteness::test_ui_evidence_types_match_the_backend PASSED [ 92%]
tests/test_report_and_ui.py::TestUiTextCompleteness::test_ui_stages_match_what_the_backend_reports PASSED [ 93%]
tests/test_report_and_ui.py::TestTranslationLookup::test_returns_the_requested_language PASSED [ 93%]
tests/test_report_and_ui.py::TestTranslationLookup::test_formats_placeholders PASSED [ 94%]
tests/test_report_and_ui.py::TestTranslationLookup::test_unknown_language_falls_back_to_english PASSED [ 94%]
tests/test_retrieval.py::TestTokenizer::test_splits_latin_words_and_lowercases PASSED [ 95%]
tests/test_retrieval.py::TestTokenizer::test_handles_arabic PASSED       [ 96%]
tests/test_retrieval.py::TestSearch::test_returns_requested_number_of_results PASSED [ 96%]
tests/test_retrieval.py::TestSearch::test_similarities_cover_every_document PASSED [ 97%]
tests/test_retrieval.py::TestSearch::test_exact_keyword_match_ranks_first PASSED [ 97%]
tests/test_retrieval.py::TestSearch::test_similarity_scores_are_bounded PASSED [ 98%]
tests/test_retrieval.py::TestRRFFusionIgnoresZeroBM25::test_all_zero_bm25_does_not_contribute PASSED [ 98%]
tests/test_retrieval.py::TestRRFFusionIgnoresZeroBM25::test_partial_bm25_matches_still_contribute PASSED [ 99%]
tests/test_retrieval.py::TestRRFConstant::test_rrf_k_is_the_standard_dampening_value PASSED [100%]

====================== 177 passed, 4 deselected in 3.81s ======================
